[    0.000000] Linux version 4.15.0-212-generic (buildd@lcy02-amd64-083) (gcc version 7.5.0 (Ubuntu 7.5.0-3ubuntu1~18.04)) #223-Ubuntu SMP Tue May 23 13:09:22 UTC 2023 (Ubuntu 4.15.0-212.223-generic 4.15.18)
[    0.000000] Command line: BOOT_IMAGE=/boot/vmlinuz-4.15.0-212-generic root=LABEL=cloudimg-rootfs ro console=tty1 console=ttyS0
[    0.000000] KERNEL supported cpus:
[    0.000000]   Intel GenuineIntel
[    0.000000]   AMD AuthenticAMD
[    0.000000]   Centaur CentaurHauls
[    0.000000] x86/fpu: Supporting XSAVE feature 0x001: 'x87 floating point registers'
[    0.000000] x86/fpu: Supporting XSAVE feature 0x002: 'SSE registers'
[    0.000000] x86/fpu: Supporting XSAVE feature 0x004: 'AVX registers'
[    0.000000] x86/fpu: xstate_offset[2]:  576, xstate_sizes[2]:  256
[    0.000000] x86/fpu: Enabled xstate features 0x7, context size is 832 bytes, using 'standard' format.
[    0.000000] e820: BIOS-provided physical RAM map:
[    0.000000] BIOS-e820: [mem 0x0000000000000000-0x000000000009fbff] usable
[    0.000000] BIOS-e820: [mem 0x000000000009fc00-0x000000000009ffff] reserved
[    0.000000] BIOS-e820: [mem 0x00000000000f0000-0x00000000000fffff] reserved
[    0.000000] BIOS-e820: [mem 0x0000000000100000-0x00000000801effff] usable
[    0.000000] BIOS-e820: [mem 0x00000000801f0000-0x00000000801fffff] ACPI data
[    0.000000] BIOS-e820: [mem 0x00000000fec00000-0x00000000fec00fff] reserved
[    0.000000] BIOS-e820: [mem 0x00000000fee00000-0x00000000fee00fff] reserved
[    0.000000] BIOS-e820: [mem 0x00000000fffc0000-0x00000000ffffffff] reserved
[    0.000000] NX (Execute Disable) protection: active
[    0.000000] SMBIOS 2.5 present.
[    0.000000] DMI: innotek GmbH VirtualBox/VirtualBox, BIOS VirtualBox 12/01/2006
[    0.000000] Hypervisor detected: KVM
[    0.000000] e820: last_pfn = 0x801f0 max_arch_pfn = 0x400000000
[    0.000000] MTRR: Disabled
[    0.000000] x86/PAT: MTRRs disabled, skipping PAT initialization too.
[    0.000000] CPU MTRRs all blank - virtualized system.
[    0.000000] x86/PAT: Configuration [0-7]: WB  WT  UC- UC  WB  WT  UC- UC  
[    0.000000] found SMP MP-table at [mem 0x0009fff0-0x0009ffff]
[    0.000000] Scanning 1 areas for low memory corruption
[    0.000000] RAMDISK: [mem 0x359cb000-0x36cdcfff]
[    0.000000] ACPI: Early table checksum verification disabled
[    0.000000] ACPI: RSDP 0x00000000000E0000 000024 (v02 VBOX  )
[    0.000000] ACPI: XSDT 0x00000000801F0030 00003C (v01 VBOX   VBOXXSDT 00000001 ASL  00000061)
[    0.000000] ACPI: FACP 0x00000000801F00F0 0000F4 (v04 VBOX   VBOXFACP 00000001 ASL  00000061)
[    0.000000] ACPI: DSDT 0x00000000801F0610 002353 (v02 VBOX   VBOXBIOS 00000002 INTL 20230628)
[    0.000000] ACPI: FACS 0x00000000801F0200 000040
[    0.000000] ACPI: FACS 0x00000000801F0200 000040
[    0.000000] ACPI: APIC 0x00000000801F0240 00005C (v02 VBOX   VBOXAPIC 00000001 ASL  00000061)
[    0.000000] ACPI: SSDT 0x00000000801F02A0 00036C (v01 VBOX   VBOXCPUT 00000002 INTL 20230628)
[    0.000000] ACPI: Reserving FACP table memory at [mem 0x801f00f0-0x801f01e3]
[    0.000000] ACPI: Reserving DSDT table memory at [mem 0x801f0610-0x801f2962]
[    0.000000] ACPI: Reserving FACS table memory at [mem 0x801f0200-0x801f023f]
[    0.000000] ACPI: Reserving FACS table memory at [mem 0x801f0200-0x801f023f]
[    0.000000] ACPI: Reserving APIC table memory at [mem 0x801f0240-0x801f029b]
[    0.000000] ACPI: Reserving SSDT table memory at [mem 0x801f02a0-0x801f060b]
[    0.000000] No NUMA configuration found
[    0.000000] Faking a node at [mem 0x0000000000000000-0x00000000801effff]
[    0.000000] NODE_DATA(0) allocated [mem 0x801c5000-0x801effff]
[    0.000000] kvm-clock: cpu 0, msr 0:80144001, primary cpu clock
[    0.000000] kvm-clock: Using msrs 4b564d01 and 4b564d00
[    0.000000] kvm-clock: using sched offset of 3086176535 cycles
[    0.000000] clocksource: kvm-clock: mask: 0xffffffffffffffff max_cycles: 0x1cd42e4dffb, max_idle_ns: 881590591483 ns
[    0.000000] Section 15 and 16 (node 0) have a circular dependency on usemap and pgdat allocations
[    0.000000] Zone ranges:
[    0.000000]   DMA      [mem 0x0000000000001000-0x0000000000ffffff]
[    0.000000]   DMA32    [mem 0x0000000001000000-0x00000000801effff]
[    0.000000]   Normal   empty
[    0.000000]   Device   empty
[    0.000000] Movable zone start for each node
[    0.000000] Early memory node ranges
[    0.000000]   node   0: [mem 0x0000000000001000-0x000000000009efff]
[    0.000000]   node   0: [mem 0x0000000000100000-0x00000000801effff]
[    0.000000] Reserved but unavailable: 104 pages
[    0.000000] Initmem setup node 0 [mem 0x0000000000001000-0x00000000801effff]
[    0.000000] ACPI: PM-Timer IO Port: 0x4008
[    0.000000] IOAPIC[0]: apic_id 2, version 32, address 0xfec00000, GSI 0-23
[    0.000000] ACPI: INT_SRC_OVR (bus 0 bus_irq 0 global_irq 2 dfl dfl)
[    0.000000] ACPI: INT_SRC_OVR (bus 0 bus_irq 9 global_irq 9 low level)
[    0.000000] Using ACPI (MADT) for SMP configuration information
[    0.000000] smpboot: Allowing 2 CPUs, 0 hotplug CPUs
[    0.000000] PM: Registered nosave memory: [mem 0x00000000-0x00000fff]
[    0.000000] PM: Registered nosave memory: [mem 0x0009f000-0x0009ffff]
[    0.000000] PM: Registered nosave memory: [mem 0x000a0000-0x000effff]
[    0.000000] PM: Registered nosave memory: [mem 0x000f0000-0x000fffff]
[    0.000000] e820: [mem 0x80200000-0xfebfffff] available for PCI devices
[    0.000000] Booting paravirtualized kernel on KVM
[    0.000000] clocksource: refined-jiffies: mask: 0xffffffff max_cycles: 0xffffffff, max_idle_ns: 7645519600211568 ns
[    0.000000] setup_percpu: NR_CPUS:8192 nr_cpumask_bits:2 nr_cpu_ids:2 nr_node_ids:1
[    0.000000] percpu: Embedded 50 pages/cpu s167936 r8192 d28672 u1048576
[    0.000000] PV qspinlock hash table entries: 256 (order: 0, 4096 bytes)
[    0.000000] Built 1 zonelists, mobility grouping on.  Total pages: 516465
[    0.000000] Policy zone: DMA32
[    0.000000] Kernel command line: BOOT_IMAGE=/boot/vmlinuz-4.15.0-212-generic root=LABEL=cloudimg-rootfs ro console=tty1 console=ttyS0
[    0.000000] Memory: 2014836K/2098744K available (12300K kernel code, 2477K rwdata, 4324K rodata, 2480K init, 2720K bss, 83908K reserved, 0K cma-reserved)
[    0.000000] SLUB: HWalign=64, Order=0-3, MinObjects=0, CPUs=2, Nodes=1
[    0.000000] Kernel/User page tables isolation: enabled
[    0.000000] ftrace: allocating 39508 entries in 155 pages
[    0.004000] Hierarchical RCU implementation.
[    0.004000] 	RCU restricting CPUs from NR_CPUS=8192 to nr_cpu_ids=2.
[    0.004000] 	Tasks RCU enabled.
[    0.004000] RCU: Adjusting geometry for rcu_fanout_leaf=16, nr_cpu_ids=2
[    0.004000] NR_IRQS: 524544, nr_irqs: 440, preallocated irqs: 16
[    0.004000] random: crng init done
[    0.004000] Console: colour VGA+ 80x25
[    0.004000] console [tty1] enabled
[    0.004000] console [ttyS0] enabled
[    0.004000] ACPI: Core revision 20170831
[    0.004000] ACPI: 2 ACPI AML tables successfully acquired and loaded
[    0.004000] APIC: Switch to symmetric I/O mode setup
[    0.004000] x2apic enabled
[    0.004000] Switched APIC routing to physical x2apic.
[    0.004000] ..TIMER: vector=0x30 apic1=0 pin1=2 apic2=-1 pin2=-1
[    0.004000] tsc: Detected 3291.382 MHz processor
[    0.004000] Calibrating delay loop (skipped) preset value.. 6582.76 BogoMIPS (lpj=13165528)
[    0.004000] pid_max: default: 32768 minimum: 301
[    0.004000] Security Framework initialized
[    0.004000] Yama: becoming mindful.
[    0.004000] AppArmor: AppArmor initialized
[    0.004000] Dentry cache hash table entries: 262144 (order: 9, 2097152 bytes)
[    0.004000] Inode-cache hash table entries: 131072 (order: 8, 1048576 bytes)
[    0.004000] Mount-cache hash table entries: 4096 (order: 3, 32768 bytes)
[    0.004000] Mountpoint-cache hash table entries: 4096 (order: 3, 32768 bytes)
[    0.004000] Last level iTLB entries: 4KB 1024, 2MB 1024, 4MB 1024
[    0.004000] Last level dTLB entries: 4KB 1024, 2MB 1024, 4MB 1024, 1GB 4
[    0.004000] Spectre V1 : Mitigation: usercopy/swapgs barriers and __user pointer sanitization
[    0.004000] Spectre V2 : Mitigation: Retpolines
[    0.004000] Spectre V2 : Spectre v2 / SpectreRSB mitigation: Filling RSB on context switch
[    0.004000] Spectre V2 : Spectre v2 / SpectreRSB : Filling RSB on VMEXIT
[    0.004000] Speculative Store Bypass: Vulnerable
[    0.004000] MDS: Mitigation: Clear CPU buffers
[    0.004000] MMIO Stale Data: Unknown: No mitigations
[    0.004000] SRBDS: Unknown: Dependent on hypervisor status
[    0.004000] Freeing SMP alternatives memory: 36K
[    0.121534] APIC calibration not consistent with PM-Timer: 105ms instead of 100ms
[    0.122537] APIC delta adjusted to PM-Timer: 6486748 (6846411)
[    0.123300] smpboot: CPU0: Intel(R) Core(TM) i5-4590 CPU @ 3.30GHz (family: 0x6, model: 0x3c, stepping: 0x3)
[    0.124000] Performance Events: unsupported p6 CPU model 60 no PMU driver, software events only.
[    0.124000] Hierarchical SRCU implementation.
[    0.124000] NMI watchdog: Perf event create on CPU 0 failed with -2
[    0.124002] NMI watchdog: Perf NMI watchdog permanently disabled
[    0.124789] smp: Bringing up secondary CPUs ...
[    0.125407] x86: Booting SMP configuration:
[    0.125919] .... node  #0, CPUs:      #1
[    0.004000] kvm-clock: cpu 1, msr 0:80144041, secondary cpu clock
[    0.128014] smp: Brought up 1 node, 2 CPUs
[    0.128516] smpboot: Max logical packages: 1
[    0.129054] smpboot: Total of 2 processors activated (13165.52 BogoMIPS)
[    0.129953] devtmpfs: initialized
[    0.129953] x86/mm: Memory block size: 128MB
[    0.132174] evm: security.selinux
[    0.132642] evm: security.SMACK64
[    0.133110] evm: security.SMACK64EXEC
[    0.133602] evm: security.SMACK64TRANSMUTE
[    0.134144] evm: security.SMACK64MMAP
[    0.134641] evm: security.apparmor
[    0.135103] evm: security.ima
[    0.136002] evm: security.capability
[    0.136476] clocksource: jiffies: mask: 0xffffffff max_cycles: 0xffffffff, max_idle_ns: 7645041785100000 ns
[    0.137139] futex hash table entries: 512 (order: 3, 32768 bytes)
[    0.137871] pinctrl core: initialized pinctrl subsystem
[    0.138573] RTC time:  4:00:38, date: 09/10/24
[    0.139251] NET: Registered protocol family 16
[    0.140052] audit: initializing netlink subsys (disabled)
[    0.140689] audit: type=2000 audit(1725940843.271:1): state=initialized audit_enabled=0 res=1
[    0.141027] cpuidle: using governor ladder
[    0.141027] cpuidle: using governor menu
[    0.141076] ACPI: bus type PCI registered
[    0.141572] acpiphp: ACPI Hot Plug PCI Controller Driver version: 0.5
[    0.144087] PCI: Using configuration type 1 for base access
[    0.144938] HugeTLB registered 2.00 MiB page size, pre-allocated 0 pages
[    0.144938] ACPI: Added _OSI(Module Device)
[    0.144938] ACPI: Added _OSI(Processor Device)
[    0.148006] ACPI: Added _OSI(3.0 _SCP Extensions)
[    0.148595] ACPI: Added _OSI(Processor Aggregator Device)
[    0.149237] ACPI: Added _OSI(Linux-Dell-Video)
[    0.149796] ACPI: Added _OSI(Linux-Lenovo-NV-HDMI-Audio)
[    0.150429] ACPI: Added _OSI(Linux-HPI-Hybrid-Graphics)
[    0.151293] ACPI: Executed 1 blocks of module-level executable AML code
[    0.154491] ACPI: Interpreter enabled
[    0.154987] ACPI: (supports S0 S5)
[    0.155454] ACPI: Using IOAPIC for interrupt routing
[    0.156181] PCI: Using host bridge windows from ACPI; if necessary, use "pci=nocrs" and report a bug
[    0.157474] ACPI: Enabled 2 GPEs in block 00 to 07
[    0.162246] ACPI: PCI Root Bridge [PCI0] (domain 0000 [bus 00-ff])
[    0.163037] acpi PNP0A03:00: _OSC: OS supports [ASPM ClockPM Segments MSI]
[    0.164010] acpi PNP0A03:00: _OSC: not requesting OS control; OS requires [ExtendedConfig ASPM ClockPM MSI]
[    0.165195] acpi PNP0A03:00: fail to add MMCONFIG information, can't access extended PCI configuration space under this bridge.
[    0.167369] PCI host bridge to bus 0000:00
[    0.167935] pci_bus 0000:00: root bus resource [io  0x0000-0x0cf7 window]
[    0.168000] pci_bus 0000:00: root bus resource [io  0x0d00-0xffff window]
[    0.168002] pci_bus 0000:00: root bus resource [mem 0x000a0000-0x000bffff window]
[    0.168920] pci_bus 0000:00: root bus resource [mem 0x80200000-0xfdffffff window]
[    0.169850] pci_bus 0000:00: root bus resource [bus 00-ff]
[    0.173250] pci 0000:00:01.1: legacy IDE quirk: reg 0x10: [io  0x01f0-0x01f7]
[    0.174181] pci 0000:00:01.1: legacy IDE quirk: reg 0x14: [io  0x03f6]
[    0.174932] pci 0000:00:01.1: legacy IDE quirk: reg 0x18: [io  0x0170-0x0177]
[    0.175754] pci 0000:00:01.1: legacy IDE quirk: reg 0x1c: [io  0x0376]
[    0.201134] pci 0000:00:07.0: quirk: [io  0x4000-0x403f] claimed by PIIX4 ACPI
[    0.202290] pci 0000:00:07.0: quirk: [io  0x4100-0x410f] claimed by PIIX4 SMB
[    0.222444] ACPI: PCI Interrupt Link [LNKA] (IRQs 5 9 10 *11)
[    0.223420] ACPI: PCI Interrupt Link [LNKB] (IRQs 5 9 *10 11)
[    0.224105] ACPI: PCI Interrupt Link [LNKC] (IRQs 5 *9 10 11)
[    0.224934] ACPI: PCI Interrupt Link [LNKD] (IRQs 5 9 10 *11)
[    0.225853] SCSI subsystem initialized
[    0.226929] pci 0000:00:02.0: vgaarb: setting as boot VGA device
[    0.226929] pci 0000:00:02.0: vgaarb: VGA device added: decodes=io+mem,owns=io+mem,locks=none
[    0.228008] pci 0000:00:02.0: vgaarb: bridge control possible
[    0.228722] vgaarb: loaded
[    0.229092] ACPI: bus type USB registered
[    0.229600] usbcore: registered new interface driver usbfs
[    0.230239] usbcore: registered new interface driver hub
[    0.231021] usbcore: registered new device driver usb
[    0.232052] EDAC MC: Ver: 3.0.0
[    0.232858] PCI: Using ACPI for IRQ routing
[    0.232858] NetLabel: Initializing
[    0.233792] NetLabel:  domain hash size = 128
[    0.234495] NetLabel:  protocols = UNLABELED CIPSOv4 CALIPSO
[    0.236019] NetLabel:  unlabeled traffic allowed by default
[    0.237052] clocksource: Switched to clocksource kvm-clock
[    0.244113] VFS: Disk quotas dquot_6.6.0
[    0.244113] VFS: Dquot-cache hash table entries: 512 (order 0, 4096 bytes)
[    0.244113] AppArmor: AppArmor Filesystem Enabled
[    0.244113] pnp: PnP ACPI init
[    0.244113] pnp: PnP ACPI: found 3 devices
[    0.258116] clocksource: acpi_pm: mask: 0xffffff max_cycles: 0xffffff, max_idle_ns: 2085701024 ns
[    0.259419] NET: Registered protocol family 2
[    0.260238] IP idents hash table entries: 32768 (order: 6, 262144 bytes)
[    0.261325] TCP established hash table entries: 16384 (order: 5, 131072 bytes)
[    0.262268] TCP bind hash table entries: 16384 (order: 6, 262144 bytes)
[    0.263212] TCP: Hash tables configured (established 16384 bind 16384)
[    0.264001] UDP hash table entries: 1024 (order: 3, 32768 bytes)
[    0.264805] UDP-Lite hash table entries: 1024 (order: 3, 32768 bytes)
[    0.265611] NET: Registered protocol family 1
[    0.266184] pci 0000:00:00.0: Limiting direct PCI/PCI transfers
[    0.266974] pci 0000:00:01.0: Activating ISA DMA hang workarounds
[    0.267755] pci 0000:00:02.0: Video device with shadowed ROM at [mem 0x000c0000-0x000dffff]
[    0.268795] Unpacking initramfs...
[    0.268795] Freeing initrd memory: 19528K
[    0.268795] clocksource: tsc: mask: 0xffffffffffffffff max_cycles: 0x2f717f37640, max_idle_ns: 440795354437 ns
[    0.268795] platform rtc_cmos: registered platform RTC device (no PNP device found)
[    0.268795] Scanning for low memory corruption every 60 seconds
[    0.488790] Initialise system trusted keyrings
[    0.489368] Key type blacklist registered
[    0.489895] workingset: timestamp_bits=36 max_order=19 bucket_order=0
[    0.491379] zbud: loaded
[    0.492117] squashfs: version 4.0 (2009/01/31) Phillip Lougher
[    0.493039] fuse init (API version 7.26)
[    0.494912] Key type asymmetric registered
[    0.495513] Asymmetric key parser 'x509' registered
[    0.496216] Block layer SCSI generic (bsg) driver version 0.4 loaded (major 246)
[    0.497235] io scheduler noop registered
[    0.497819] io scheduler deadline registered
[    0.498441] io scheduler cfq registered (default)
[    0.499272] ACPI: AC Adapter [AC] (on-line)
[    0.499888] input: Power Button as /devices/LNXSYSTM:00/LNXPWRBN:00/input/input0
[    0.501011] ACPI: Power Button [PWRF]
[    0.501589] input: Sleep Button as /devices/LNXSYSTM:00/LNXSLPBN:00/input/input1
[    0.502506] ACPI: Sleep Button [SLPF]
[    0.503242] Serial: 8250/16550 driver, 32 ports, IRQ sharing enabled
[    0.524497] 00:02: ttyS0 at I/O 0x3f8 (irq = 4, base_baud = 115200) is a 16550A
[    0.527160] Linux agpgart interface v0.103
[    0.528809] loop: module loaded
[    0.529635] scsi host0: ata_piix
[    0.530288] scsi host1: ata_piix
[    0.530799] ata1: PATA max UDMA/33 cmd 0x1f0 ctl 0x3f6 bmdma 0xd000 irq 14
[    0.531644] ata2: PATA max UDMA/33 cmd 0x170 ctl 0x376 bmdma 0xd008 irq 15
[    0.532531] tun: Universal TUN/TAP device driver, 1.6
[    0.533280] PPP generic driver version 2.4.2
[    0.533918] ehci_hcd: USB 2.0 'Enhanced' Host Controller (EHCI) Driver
[    0.534695] ehci-pci: EHCI PCI platform driver
[    0.535311] ehci-platform: EHCI generic platform driver
[    0.535931] ohci_hcd: USB 1.1 'Open' Host Controller (OHCI) Driver
[    0.536772] ohci-pci: OHCI PCI platform driver
[    0.537396] ohci-platform: OHCI generic platform driver
[    0.538131] uhci_hcd: USB Universal Host Controller Interface driver
[    0.538942] i8042: PNP: PS/2 Controller [PNP0303:PS2K,PNP0f03:PS2M] at 0x60,0x64 irq 1,12
[    0.540300] serio: i8042 KBD port at 0x60,0x64 irq 1
[    0.541013] serio: i8042 AUX port at 0x60,0x64 irq 12
[    0.541820] mousedev: PS/2 mouse device common for all mice
[    0.543001] input: AT Translated Set 2 keyboard as /devices/platform/i8042/serio0/input/input2
[    0.544135] rtc_cmos rtc_cmos: rtc core: registered rtc_cmos as rtc0
[    0.544942] rtc_cmos rtc_cmos: alarms up to one day, 114 bytes nvram
[    0.545714] i2c /dev entries driver
[    0.546187] device-mapper: uevent: version 1.0.3
[    0.546866] device-mapper: ioctl: 4.37.0-ioctl (2017-09-20) initialised: dm-devel@redhat.com
[    0.547930] ledtrig-cpu: registered to indicate activity on CPUs
[    0.549006] NET: Registered protocol family 10
[    0.552620] Segment Routing with IPv6
[    0.553131] NET: Registered protocol family 17
[    0.553755] Key type dns_resolver registered
[    0.554499] mce: Using 0 MCE banks
[    0.555036] RAS: Correctable Errors collector initialized.
[    0.555713] sched_clock: Marking stable (554478086, 0)->(680997259, -126519173)
[    0.557016] registered taskstats version 1
[    0.557571] Loading compiled-in X.509 certificates
[    0.560074] Loaded X.509 cert 'Build time autogenerated kernel key: b5b26778eaa3ab3a4a6cee031137706e947d12ad'
[    0.561968] Loaded X.509 cert 'Canonical Ltd. Live Patch Signing: 14df34d1a87cf37625abec039ef2bf521249b969'
[    0.564029] Loaded X.509 cert 'Canonical Ltd. Kernel Module Signing: 88f752e560a1e0737e31163a466ad7b70a850c19'
[    0.565192] blacklist: Loading compiled-in revocation X.509 certificates
[    0.565979] Loaded X.509 cert 'Canonical Ltd. Secure Boot Signing: 61482aa2830d0ab2ad5af10b7250da9033ddcef0'
[    0.567114] Loaded X.509 cert 'Canonical Ltd. Secure Boot Signing (2017): 242ade75ac4a15e50d50c84b0d45ff3eae707a03'
[    0.568356] Loaded X.509 cert 'Canonical Ltd. Secure Boot Signing (ESM 2018): 365188c1d374d6b07c3c8f240f8ef722433d6a8b'
[    0.569571] Loaded X.509 cert 'Canonical Ltd. Secure Boot Signing (2019): c0746fd6c5da3ae827864651ad66ae47fe24b3e8'
[    0.570760] Loaded X.509 cert 'Canonical Ltd. Secure Boot Signing (2021 v1): a8d54bbb3825cfb94fa13c9f8a594a195c107b8d'
[    0.572046] Loaded X.509 cert 'Canonical Ltd. Secure Boot Signing (2021 v2): 4cf046892d6fd3c9a5b03f98d845f90851dc6a8c'
[    0.573324] Loaded X.509 cert 'Canonical Ltd. Secure Boot Signing (2021 v3): 100437bb6de6e469b581e61cd66bce3ef4ed53af'
[    0.574633] Loaded X.509 cert 'Canonical Ltd. Secure Boot Signing (Ubuntu Core 2019): c1d57b8f6b743f23ee41f4f7ee292f06eecadfb9'
[    0.575953] zswap: loaded using pool lzo/zbud
[    0.579281] Key type big_key registered
[    0.579854] Key type trusted registered
[    0.581800] Key type encrypted registered
[    0.582362] AppArmor: AppArmor sha1 policy hashing enabled
[    0.583110] ima: No TPM chip found, activating TPM-bypass! (rc=-19)
[    0.583828] ima: Allocated hash algorithm: sha1
[    0.584417] evm: HMAC attrs: 0x1
[    0.585013]   Magic number: 8:153:9
[    0.585567] rtc_cmos rtc_cmos: setting system clock to 2024-09-10 04:00:38 UTC (1725940838)
[    0.586717] BIOS EDD facility v0.16 2004-Jun-25, 0 devices found
[    0.587448] EDD information not available.
[    0.721322] Freeing unused kernel image memory: 2480K
[    0.732224] Write protecting the kernel read-only data: 20480k
[    0.735438] Freeing unused kernel image memory: 2008K
[    0.741466] Freeing unused kernel image memory: 1820K
[    0.747824] x86/mm: Checked W+X mappings: passed, no W+X pages found.
[    0.749241] x86/mm: Checking user space page tables
[    0.755416] x86/mm: Checked W+X mappings: passed, no W+X pages found.
Loading, please wait...
starting version 237
[    0.820100] e1000: Intel(R) PRO/1000 Network Driver - version 7.3.21-k8-NAPI
[    0.822545] e1000: Copyright (c) 1999-2006 Intel Corporation.
[    0.829749] Fusion MPT base driver 3.04.20
[    0.833313] Copyright (c) 1999-2008 LSI Corporation
[    0.837607] Fusion MPT SPI Host driver 3.04.20
[    0.841434] AVX2 version of gcm_enc/dec engaged.
[    0.842071] AES CTR mode by8 optimization enabled
[    1.134212] input: ImExPS/2 Generic Explorer Mouse as /devices/platform/i8042/serio1/input/input4
[    1.159806] e1000 0000:00:03.0 eth0: (PCI:33MHz:32-bit) 02:3b:7b:b7:3b:2d
[    1.160741] e1000 0000:00:03.0 eth0: Intel(R) PRO/1000 Network Connection
[    1.519702] e1000 0000:00:08.0 eth1: (PCI:33MHz:32-bit) 08:00:27:56:8e:00
[    1.520626] e1000 0000:00:08.0 eth1: Intel(R) PRO/1000 Network Connection
[    1.522443] mptbase: ioc0: Initiating bringup
[    1.522720] e1000 0000:00:03.0 enp0s3: renamed from eth0
[    1.540612] e1000 0000:00:08.0 enp0s8: renamed from eth1
[    1.765484] ioc0: LSI53C1030 A0: Capabilities={Initiator}
[    3.799965] scsi host2: ioc0: LSI53C1030 A0, FwRev=00000000h, Ports=1, MaxQ=256, IRQ=20
[    6.125472] scsi 2:0:0:0: Direct-Access     VBOX     HARDDISK         1.0  PQ: 0 ANSI: 5
[    6.160435] scsi target2:0:0: Beginning Domain Validation
[    6.171323] scsi target2:0:0: Domain Validation skipping write tests
[    6.175114] scsi target2:0:0: Ending Domain Validation
[    6.178633] scsi target2:0:0: asynchronous
[    6.183895] scsi 2:0:1:0: Direct-Access     VBOX     HARDDISK         1.0  PQ: 0 ANSI: 5
[    6.220338] scsi target2:0:1: Beginning Domain Validation
[    6.231460] scsi target2:0:1: Domain Validation skipping write tests
[    6.234547] scsi target2:0:1: Ending Domain Validation
[    6.237590] scsi target2:0:1: asynchronous
[    6.244419] sd 2:0:0:0: Attached scsi generic sg0 type 0
[    6.244596] sd 2:0:0:0: [sda] 83886080 512-byte logical blocks: (42.9 GB/40.0 GiB)
[    6.247977] sd 2:0:1:0: Attached scsi generic sg1 type 0
[    6.256290] sd 2:0:0:0: [sda] Write Protect is off
[    6.261322] sd 2:0:0:0: [sda] Incomplete mode parameter data
[    6.261343] sd 2:0:1:0: [sdb] 20480 512-byte logical blocks: (10.5 MB/10.0 MiB)
[    6.267159] sd 2:0:0:0: [sda] Assuming drive cache: write through
[    6.269729] sd 2:0:1:0: [sdb] Write Protect is off
[    6.270840] sd 2:0:1:0: [sdb] Incomplete mode parameter data
[    6.271988] sd 2:0:1:0: [sdb] Assuming drive cache: write through
[    6.272590]  sda: sda1
[    6.275025] sd 2:0:0:0: [sda] Attached SCSI disk
[    6.276763] sd 2:0:1:0: [sdb] Attached SCSI disk
Begin: Loading essential drivers ... [    7.904561] raid6: sse2x1   gen() 15680 MB/s
[    7.952550] raid6: sse2x1   xor()  8357 MB/s
[    8.008424] raid6: sse2x2   gen() 16738 MB/s
[    8.064346] raid6: sse2x2   xor() 11042 MB/s
[    8.112273] raid6: sse2x4   gen() 17322 MB/s
[    8.164415] raid6: sse2x4   xor() 11804 MB/s
[    8.212052] raid6: avx2x1   gen() 23446 MB/s
[    8.264990] raid6: avx2x1   xor() 17817 MB/s
[    8.313333] raid6: avx2x2   gen() 26981 MB/s
[    8.384285] raid6: avx2x2   xor() 19593 MB/s
[    8.432867] raid6: avx2x4   gen() 31564 MB/s
[    8.480826] raid6: avx2x4   xor() 19357 MB/s
[    8.481479] raid6: using algorithm avx2x4 gen() 31564 MB/s
[    8.482258] raid6: .... xor() 19357 MB/s, rmw enabled
[    8.482950] raid6: using avx2x2 recovery algorithm
[    8.484837] xor: automatically using best checksumming function   avx       
[    8.486788] async_tx: api initialized (async)
done.
Begin: Running /scripts/init-premount ... done.
Begin: Mounting root file system ... Begin: Running /scripts/local-top ... done.
Begin: Running /scripts/local-premount ... [    8.524140] Btrfs loaded, crc32c=crc32c-intel
Scanning for Btrfs filesystems
done.
Warning: fsck not present, so skipping root file system
[    8.551377] EXT4-fs (sda1): INFO: recovery required on readonly filesystem
[    8.552324] EXT4-fs (sda1): write access will be enabled during recovery
[    8.581841] EXT4-fs (sda1): orphan cleanup on readonly fs
[    8.585217] EXT4-fs (sda1): 1 orphan inode deleted
[    8.585996] EXT4-fs (sda1): recovery complete
[    8.596906] EXT4-fs (sda1): mounted filesystem with ordered data mode. Opts: (null)
done.
Begin: Running /scripts/local-bottom ... done.
Begin: Running /scripts/init-bottom ... done.
[    8.946306] ip_tables: (C) 2000-2006 Netfilter Core Team
[    8.976567] systemd[1]: systemd 237 running in system mode. (+PAM +AUDIT +SELINUX +IMA +APPARMOR +SMACK +SYSVINIT +UTMP +LIBCRYPTSETUP +GCRYPT +GNUTLS +ACL +XZ +LZ4 +SECCOMP +BLKID +ELFUTILS +KMOD -IDN2 +IDN -PCRE2 default-hierarchy=hybrid)
[    8.986803] systemd[1]: Detected virtualization oracle.
[    8.989480] systemd[1]: Detected architecture x86-64.

Welcome to [1mUbuntu 18.04.6 LTS[0m!

[    9.002141] systemd[1]: Set hostname to <node-2>.
[    9.449972] systemd[1]: Created slice User and Session Slice.
[[0;32m  OK  [0m] Created slice User and Session Slice.
[    9.464261] systemd[1]: Reached target System Time Synchronized.
[[0;32m  OK  [0m] Reached target System Time Synchronized.
[    9.469250] systemd[1]: Reached target Swap.
[[0;32m  OK  [0m] Reached target Swap.
[    9.471214] systemd[1]: Started Forward Password Requests to Wall Directory Watch.
[[0;32m  OK  [0m] Started Forward Password Requests to Wall Directory Watch.
[    9.474450] systemd[1]: Reached target Mounting snaps.
[[0;32m  OK  [0m] Reached target Mounting snaps.
[    9.476924] systemd[1]: Set up automount Arbitrary Executable File Formats File System Automount Point.
[[0;32m  OK  [0m] Set up automount Arbitrary Executab…rmats File System Automount Point.
[[0;32m  OK  [0m] Reached target User and Group Name Lookups.
[[0;32m  OK  [0m] Created slice System Slice.
[[0;32m  OK  [0m] Listening on Journal Socket (/dev/log).
[[0;32m  OK  [0m] Listening on LVM2 metadata daemon socket.
[[0;32m  OK  [0m] Listening on Syslog Socket.
[[0;32m  OK  [0m] Listening on Network Service Netlink Socket.
[[0;32m  OK  [0m] Listening on LVM2 poll daemon socket.
[[0;32m  OK  [0m] Listening on udev Kernel Socket.
[[0;32m  OK  [0m] Reached target Slices.
[[0;32m  OK  [0m] Listening on Device-mapper event daemon FIFOs.
[[0;32m  OK  [0m] Listening on Journal Socket.
         Starting Set the console keyboard layout...
         Mounting Kernel Debug File System...
         Starting Load Kernel Modules...
         Starting Create list of required st…ce nodes for the current kernel...
         Mounting Huge Pages File System...
         Starting Uncomplicated firewall...
[    9.598219] Loading iSCSI transport class v2.0-870.
[    9.604817] iscsi: registered transport (tcp)
         Mounting POSIX Message Queue File System...
[[0;32m  OK  [0m] Listening on /dev/initctl Compatibility Named Pipe.
         Starting Monitoring of LVM2 mirrors…ng dmeventd or progress polling...
[    9.639990] iscsi: registered transport (iser)
[[0;32m  OK  [0m] Listening on fsck to fsckd communication Socket.
         Starting File System Check on Root Device...
[[0;32m  OK  [0m] Listening on Journal Audit Socket.
         Starting Journal Service...
[[0;32m  OK  [0m] Listening on udev Control Socket.
         Starting udev Coldplug all Devices...
[[0;32m  OK  [0m] Created slice system-serial\x2dgetty.slice.
[[0;32m  OK  [0m] Mounted Kernel Debug File System.
[[0;32m  OK  [0m] Started Load Kernel Modules.
[[0;32m  OK  [0m] Started Create list of required sta…vice nodes for the current kernel.
[[0;32m  OK  [0m] Mounted Huge Pages File System.
[[0;32m  OK  [0m] Started Journal Service.
[[0;32m  OK  [0m] Started Uncomplicated firewall.
[[0;32m  OK  [0m] Mounted POSIX Message Queue File System.
[[0;32m  OK  [0m] Started File System Check Daemon to report status.
[[0;32m  OK  [0m] Started LVM2 metadata daemon.
         Starting Create Static Device Nodes in /dev...
         Mounting FUSE Control File System...
         Starting Apply Kernel Variables...
         Mounting Kernel Configuration File System...
[[0;32m  OK  [0m] Started File System Check on Root Device.
[[0;32m  OK  [0m] Mounted FUSE Control File System.
[[0;32m  OK  [0m] Mounted Kernel Configuration File System.
         Starting Remount Root and Kernel File Systems...
[[0;32m  OK  [0m] Started udev Coldplug all Devices.
[[0;32m  OK  [0m] Started Set the console keyboard layout.
[[0;32m  OK  [0m] Started Create Static Device Nodes in /dev.
[[0;32m  OK  [0m] Started Apply Kernel Variables.
[[0;32m  OK  [0m] Started Remount Root and Kernel File Systems.
         Starting Flush Journal to Persistent Storage...
         Starting udev Kernel Device Manager...
         Starting Load/Save Random Seed...
[[0;32m  OK  [0m] Started Monitoring of LVM2 mirrors,…sing dmeventd or progress polling.
[[0;32m  OK  [0m] Reached target Local File Systems (Pre).
         Mounting Mount unit for snapd, revision 21759...
         Mounting Mount unit for microk8s, revision 7180...
         Mounting Mount unit for core20, revision 2318...
[[0;32m  OK  [0m] Started Load/Save Random Seed.
[[0;32m  OK  [0m] Started udev Kernel Device Manager.
[[0;32m  OK  [0m] Started Dispatch Password Requests to Console Directory Watch.
[[0;32m  OK  [0m] Reached target Local Encrypted Volumes.
[[0;32m  OK  [0m] Mounted Mount unit for snapd, revision 21759.
[[0;32m  OK  [0m] Mounted Mount unit for core20, revision 2318.
[[0;32m  OK  [0m] Started Flush Journal to Persistent Storage.
[[0;32m  OK  [0m] Mounted Mount unit for microk8s, revision 7180.
[[0;32m  OK  [0m] Reached target Mounted snaps.
[[0;32m  OK  [0m] Reached target Local File Systems.
         Starting ebtables ruleset management...
         Starting AppArmor initialization...
         Starting Set console font and keymap...
         Starting Create Volatile Files and Directories...
         Starting Tell Plymouth To Write Out Runtime Data...
[[0;32m  OK  [0m] Started Set console font and keymap.
[[0;32m  OK  [0m] Started Tell Plymouth To Write Out Runtime Data.
[[0;32m  OK  [0m] Started Create Volatile Files and Directories.
         Starting Update UTMP about System Boot/Shutdown...
[[0;32m  OK  [0m] Started Update UTMP about System Boot/Shutdown.
[[0;32m  OK  [0m] Started ebtables ruleset management.
[[0;32m  OK  [0m] Found device /dev/ttyS0.
[[0;32m  OK  [0m] Listening on Load/Save RF Kill Switch Status /dev/rfkill Watch.
[[0;32m  OK  [0m] Started AppArmor initialization.
         Starting Load AppArmor profiles managed internally by snapd...
         Starting Initial cloud-init job (pre-networking)...
         Mounting Arbitrary Executable File Formats File System...
[[0;32m  OK  [0m] Mounted Arbitrary Executable File Formats File System.
[[0;32m  OK  [0m] Started Load AppArmor profiles managed internally by snapd.
[   12.471919] cloud-init[669]: Cloud-init v. 23.1.2-0ubuntu0~18.04.1 running 'init-local' at Tue, 10 Sep 2024 04:00:50 +0000. Up 12.28 seconds.
[[0;32m  OK  [0m] Started Initial cloud-init job (pre-networking).
[[0;32m  OK  [0m] Reached target Network (Pre).
         Starting Network Service...
[[0;32m  OK  [0m] Started Network Service.
         Starting Network Name Resolution...
         Starting Wait for Network to be Configured...
[[0;32m  OK  [0m] Started Network Name Resolution.
[[0;32m  OK  [0m] Reached target Host and Network Name Lookups.
[[0;32m  OK  [0m] Reached target Network.
[[0;32m  OK  [0m] Started Wait for Network to be Configured.
         Starting Initial cloud-init job (metadata service crawler)...
[   14.914448] cloud-init[853]: Cloud-init v. 23.1.2-0ubuntu0~18.04.1 running 'init' at Tue, 10 Sep 2024 04:00:52 +0000. Up 14.76 seconds.
[   14.915603] cloud-init[853]: ci-info: ++++++++++++++++++++++++++++++++++++++Net device info+++++++++++++++++++++++++++++++++++++++
[   14.916615] cloud-init[853]: ci-info: +--------+------+-----------------------------+---------------+--------+-------------------+
[   14.917558] cloud-init[853]: ci-info: | Device |  Up  |           Address           |      Mask     | Scope  |     Hw-Address    |
[   14.918869] cloud-init[853]: ci-info: +--------+------+-----------------------------+---------------+--------+-------------------+
[   14.920062] cloud-init[853]: ci-info: | enp0s3 | True |          10.0.2.15          | 255.255.255.0 | global | 02:3b:7b:b7:3b:2d |
[   14.932323] cloud-init[853]: ci-info: | enp0s3 | True |  fe80::3b:7bff:feb7:3b2d/64 |       .       |  link  | 02:3b:7b:b7:3b:2d |
[   14.933411] cloud-init[853]: ci-info: | enp0s8 | True |         192.168.1.77        | 255.255.255.0 | global | 08:00:27:56:8e:00 |
[   14.934336] cloud-init[853]: ci-info: | enp0s8 | True | fe80::a00:27ff:fe56:8e00/64 |       .       |  link  | 08:00:27:56:8e:00 |
[   14.948285] cloud-init[853]: ci-info: |   lo   | True |          127.0.0.1          |   255.0.0.0   |  host  |         .         |
[   14.949241] cloud-init[853]: ci-info: |   lo   | True |           ::1/128           |       .       |  host  |         .         |
[   14.950446] cloud-init[853]: ci-info: +--------+------+-----------------------------+---------------+--------+-------------------+
[   14.952854] cloud-init[853]: ci-info: ++++++++++++++++++++++++++++++Route IPv4 info++++++++++++++++++++++++++++++
[   14.953787] cloud-init[853]: ci-info: +-------+-------------+-------------+-----------------+-----------+-------+
[   14.954941] cloud-init[853]: ci-info: | Route | Destination |   Gateway   |     Genmask     | Interface | Flags |
[   14.955906] cloud-init[853]: ci-info: +-------+-------------+-------------+-----------------+-----------+-------+
[   14.956880] cloud-init[853]: ci-info: |   0   |   0.0.0.0   |   10.0.2.2  |     0.0.0.0     |   enp0s3  |   UG  |
[   14.957940] cloud-init[853]: ci-info: |   1   |   0.0.0.0   | 192.168.1.1 |     0.0.0.0     |   enp0s8  |   UG  |
[   14.968396] cloud-init[853]: ci-info: |   2   |   10.0.2.0  |   0.0.0.0   |  255.255.255.0  |   enp0s3  |   U   |
[   14.969308] cloud-init[853]: ci-info: |   3   |   10.0.2.2  |   0.0.0.0   | 255.255.255.255 |   enp0s3  |   UH  |
[   14.970354] cloud-init[853]: ci-info: |   4   | 192.168.1.0 |   0.0.0.0   |  255.255.255.0  |   enp0s8  |   U   |
[   14.972228] cloud-init[853]: ci-info: |   5   | 192.168.1.1 |   0.0.0.0   | 255.255.255.255 |   enp0s8  |   UH  |
[   14.973238] cloud-init[853]: ci-info: +-------+-------------+-------------+-----------------+-----------+-------+
[   14.974184] cloud-init[853]: ci-info: +++++++++++++++++++Route IPv6 info+++++++++++++++++++
[   14.974875] cloud-init[853]: ci-info: +-------+-------------+---------+-----------+-------+
[   14.975330] cloud-init[853]: ci-info: | Route | Destination | Gateway | Interface | Flags |
[   14.976189] cloud-init[853]: ci-info: +-------+-------------+---------+-----------+-------+
[   14.976922] cloud-init[853]: ci-info: |   1   |  fe80::/64  |    ::   |   enp0s3  |   U   |
[   14.977749] cloud-init[853]: ci-info: |   2   |  fe80::/64  |    ::   |   enp0s8  |   U   |
[   14.978571] cloud-init[853]: ci-info: |   4   |    local    |    ::   |   enp0s3  |   U   |
[   14.979467] cloud-init[853]: ci-info: |   5   |    local    |    ::   |   enp0s8  |   U   |
[   14.980153] cloud-init[853]: ci-info: |   6   |   ff00::/8  |    ::   |   enp0s3  |   U   |
[   14.980933] cloud-init[853]: ci-info: |   7   |   ff00::/8  |    ::   |   enp0s8  |   U   |
[   14.981772] cloud-init[853]: ci-info: +-------+-------------+---------+-----------+-------+
[[0;32m  OK  [0m] Started Initial cloud-init job (metadata service crawler).
[[0;32m  OK  [0m] Reached target Network is Online.
         Starting Availability of block devices...
[[0;32m  OK  [0m] Reached target Remote File Systems (Pre).
         Mounting /vagrant...
[[0;32m  OK  [0m] Reached target System Initialization.
[[0;32m  OK  [0m] Started ACPI Events Check.
[[0;32m  OK  [0m] Reached target Paths.
[[0;32m  OK  [0m] Listening on cloud-init hotplug hook socket.
[[0;32m  OK  [0m] Listening on ACPID Listen Socket.
[[0;32m  OK  [0m] Started Daily apt download activities.
[[0;32m  OK  [0m] Listening on D-Bus System Message Bus Socket.
[[0;32m  OK  [0m] Listening on Open-iSCSI iscsid Socket.
         Starting LXD - unix socket.
[[0;32m  OK  [0m] Listening on UUID daemon activation socket.
[[0;32m  OK  [0m] Started Discard unused blocks once a week.
[[0;32m  OK  [0m] Started Daily apt upgrade and clean activities.
[[0;32m  OK  [0m] Started Ubuntu Advantage Timer for running repeated jobs.
[[0;32m  OK  [0m] Started Message of the Day.
[[0;32m  OK  [0m] Started Daily Cleanup of Temporary Directories.
[[0;32m  OK  [0m] Reached target Timers.
         Starting Socket activation for snappy daemon.
[[0;32m  OK  [0m] Reached target Cloud-config availability.
[[0;32m  OK  [0m] Started Availability of block devices.
[[0;32m  OK  [0m] Mounted /vagrant.
[[0;32m  OK  [0m] Listening on LXD - unix socket.
[[0;32m  OK  [0m] Listening on Socket activation for snappy daemon.
[[0;32m  OK  [0m] Reached target Sockets.
[[0;32m  OK  [0m] Reached target Basic System.
[[0;32m  OK  [0m] Started D-Bus System Message Bus.
[[0;32m  OK  [0m] Started Regular background program processing daemon.
[[0;32m  OK  [0m] Started Service for snap application microk8s.daemon-k8s-dqlite.
[[0;32m  OK  [0m] Started Deferred execution scheduler.
         Starting Dispatcher daemon for systemd-networkd...
         Starting Service for snap application microk8s.daemon-containerd...
[[0;32m  OK  [0m] Started Service for snap application microk8s.daemon-apiserver-proxy.
[[0;32m  OK  [0m] Reached target Login Prompts (Pre).
[[0;32m  OK  [0m] Started FUSE filesystem for LXC.
[[0;32m  OK  [0m] Started Service for snap application microk8s.daemon-etcd.
         Starting Login Service...
         Starting Snap Daemon...
[[0;32m  OK  [0m] Started irqbalance daemon.
         Starting LSB: Record successful boot for GRUB...
         Starting Accounts Service...
[[0;32m  OK  [0m] Started Service for snap application microk8s.daemon-flanneld.
         Starting OpenBSD Secure Shell server...
[[0;32m  OK  [0m] Started Service for snap application microk8s.daemon-apiserver-kicker.
[[0;32m  OK  [0m] Started Service for snap application microk8s.daemon-cluster-agent.
         Starting Virtualbox guest utils...
         Starting System Logging Service...
         Starting LXD - container startup/shutdown...
[[0;32m  OK  [0m] Reached target Remote File Systems.
         Starting Permit User Sessions...
         Starting LSB: automatic crash report generation...
[[0;32m  OK  [0m] Started Login Service.
[[0;32m  OK  [0m] Started Unattended Upgrades Shutdown.
[[0;32m  OK  [0m] Started System Logging Service.
[[0;32m  OK  [0m] Started Permit User Sessions.
         Starting Terminate Plymouth Boot Screen...
         Starting Hold until boot process finishes up...
[[0;32m  OK  [0m] Started Hold until boot process finishes up.
         Starting Set console scheme...
[[0;32m  OK  [0m] Started Serial Getty on ttyS0.
[[0;32m  OK  [0m] Started Terminate Plymouth Boot Screen.
[[0;32m  OK  [0m] Started Set console scheme.
[[0;32m  OK  [0m] Created slice system-getty.slice.
[[0;32m  OK  [0m] Started Getty on tty1.
[[0;32m  OK  [0m] Reached target Login Prompts.
         Starting Authorization Manager...
[[0;32m  OK  [0m] Started Virtualbox guest utils.
[[0;32m  OK  [0m] Started LSB: automatic crash report generation.
[[0;32m  OK  [0m] Started LSB: Record successful boot for GRUB.
[[0;32m  OK  [0m] Started OpenBSD Secure Shell server.
[[0;32m  OK  [0m] Started Authorization Manager.
[[0;32m  OK  [0m] Started Accounts Service.
[[0;32m  OK  [0m] Started Dispatcher daemon for systemd-networkd.
[[0;32m  OK  [0m] Started LXD - container startup/shutdown.
[[0;32m  OK  [0m] Started Snap Daemon.
         Starting Wait until snapd is fully seeded...
         Starting Time & Date Service...
[[0;32m  OK  [0m] Started Time & Date Service.
[[0;32m  OK  [0m] Started Wait until snapd is fully seeded.
         Starting Apply the settings specified in cloud-config...
[   18.590608] cloud-init[1591]: Cloud-init v. 23.1.2-0ubuntu0~18.04.1 running 'modules:config' at Tue, 10 Sep 2024 04:00:56 +0000. Up 18.45 seconds.
[[0;32m  OK  [0m] Started Apply the settings specified in cloud-config.
[[0;32m  OK  [0m] Created slice User Slice of vagrant.
         Starting User Manager for UID 1000...
[[0;32m  OK  [0m] Started Session 1 of user vagrant.
[[0;32m  OK  [0m] Started User Manager for UID 1000.
[[0;32m  OK  [0m] Started Service for snap application microk8s.daemon-containerd.
[[0;32m  OK  [0m] Started Service for snap application microk8s.daemon-kubelite.
[[0;32m  OK  [0m] Reached target Multi-User System.
         Starting Execute cloud user/final scripts...
[[0;32m  OK  [0m] Reached target Graphical Interface.
         Starting Update UTMP about System Runlevel Changes...
[[0;32m  OK  [0m] Started Update UTMP about System Runlevel Changes.
[   20.798886] cloud-init[1873]: Cloud-init v. 23.1.2-0ubuntu0~18.04.1 running 'modules:final' at Tue, 10 Sep 2024 04:00:58 +0000. Up 20.65 seconds.
[   20.799102] cloud-init[1873]: Cloud-init v. 23.1.2-0ubuntu0~18.04.1 finished at Tue, 10 Sep 2024 04:00:58 +0000. Datasource DataSourceNoCloud [seed=/dev/sdb][dsmode=net].  Up 20.79 seconds

Ubuntu 18.04.6 LTS node-2 ttyS0

node-2 login: 